ARM GAS  /tmp/ccB35hnJ.s 			page 1


   1              		.cpu cortex-m3
   2              		.eabi_attribute 20, 1
   3              		.eabi_attribute 21, 1
   4              		.eabi_attribute 23, 3
   5              		.eabi_attribute 24, 1
   6              		.eabi_attribute 25, 1
   7              		.eabi_attribute 26, 1
   8              		.eabi_attribute 30, 2
   9              		.eabi_attribute 34, 1
  10              		.eabi_attribute 18, 4
  11              		.file	"trace.c"
  12              		.section	.text.init_trace,"ax",%progbits
  13              		.align	1
  14              		.p2align 2,,3
  15              		.global	init_trace
  16              		.syntax unified
  17              		.thumb
  18              		.thumb_func
  19              		.fpu softvfp
  21              	init_trace:
  22              		@ args = 0, pretend = 0, frame = 0
  23              		@ frame_needed = 0, uses_anonymous_args = 0
  24              		@ link register save eliminated.
  25 0000 024B     		ldr	r3, .L3
  26 0002 00F50A70 		add	r0, r0, #552
  27 0006 1860     		str	r0, [r3]
  28 0008 7047     		bx	lr
  29              	.L4:
  30 000a 00BF     		.align	2
  31              	.L3:
  32 000c 00000000 		.word	.LANCHOR0
  34              		.section	.text.store_gpio_trace,"ax",%progbits
  35              		.align	1
  36              		.p2align 2,,3
  37              		.global	store_gpio_trace
  38              		.syntax unified
  39              		.thumb
  40              		.thumb_func
  41              		.fpu softvfp
  43              	store_gpio_trace:
  44              		@ args = 0, pretend = 0, frame = 0
  45              		@ frame_needed = 0, uses_anonymous_args = 0
  46 0000 F8B5     		push	{r3, r4, r5, r6, r7, lr}
  47 0002 0F4D     		ldr	r5, .L10
  48 0004 2C68     		ldr	r4, [r5]
  49 0006 2368     		ldr	r3, [r4]	@ unaligned
  50 0008 03F18006 		add	r6, r3, #128
  51 000c 04EB4607 		add	r7, r4, r6, lsl #1
  52 0010 2344     		add	r3, r3, r4
  53 0012 83F88410 		strb	r1, [r3, #132]
  54 0016 1871     		strb	r0, [r3, #4]
  55 0018 BA80     		strh	r2, [r7, #4]	@ unaligned
  56 001a FFF7FEFF 		bl	get_tick32_div
  57 001e 04EB8604 		add	r4, r4, r6, lsl #2
  58 0022 6060     		str	r0, [r4, #4]	@ unaligned
  59 0024 2B68     		ldr	r3, [r5]
  60 0026 1A68     		ldr	r2, [r3]	@ unaligned
ARM GAS  /tmp/ccB35hnJ.s 			page 2


  61 0028 0132     		adds	r2, r2, #1
  62 002a 7F2A     		cmp	r2, #127
  63 002c 05D9     		bls	.L9
  64 002e 0022     		movs	r2, #0
  65 0030 1A70     		strb	r2, [r3]
  66 0032 5A70     		strb	r2, [r3, #1]
  67 0034 9A70     		strb	r2, [r3, #2]
  68 0036 DA70     		strb	r2, [r3, #3]
  69 0038 F8BD     		pop	{r3, r4, r5, r6, r7, pc}
  70              	.L9:
  71 003a 1A60     		str	r2, [r3]	@ unaligned
  72 003c F8BD     		pop	{r3, r4, r5, r6, r7, pc}
  73              	.L11:
  74 003e 00BF     		.align	2
  75              	.L10:
  76 0040 00000000 		.word	.LANCHOR0
  78              		.section	.text.store_tick_from_buf,"ax",%progbits
  79              		.align	1
  80              		.p2align 2,,3
  81              		.global	store_tick_from_buf
  82              		.syntax unified
  83              		.thumb
  84              		.thumb_func
  85              		.fpu softvfp
  87              	store_tick_from_buf:
  88              		@ args = 0, pretend = 0, frame = 0
  89              		@ frame_needed = 0, uses_anonymous_args = 0
  90              		@ link register save eliminated.
  91 0000 F0B4     		push	{r4, r5, r6, r7}
  92 0002 0026     		movs	r6, #0
  93 0004 0D4B     		ldr	r3, .L17
  94 0006 1B68     		ldr	r3, [r3]
  95 0008 1C68     		ldr	r4, [r3]	@ unaligned
  96 000a 04F18005 		add	r5, r4, #128
  97 000e 1F19     		adds	r7, r3, r4
  98 0010 0134     		adds	r4, r4, #1
  99 0012 03EB450C 		add	ip, r3, r5, lsl #1
 100 0016 7F2C     		cmp	r4, #127
 101 0018 03EB8505 		add	r5, r3, r5, lsl #2
 102 001c 87F88400 		strb	r0, [r7, #132]
 103 0020 3E71     		strb	r6, [r7, #4]
 104 0022 ACF80410 		strh	r1, [ip, #4]	@ unaligned
 105 0026 6A60     		str	r2, [r5, #4]	@ unaligned
 106 0028 05D9     		bls	.L16
 107 002a 1E70     		strb	r6, [r3]
 108 002c 5E70     		strb	r6, [r3, #1]
 109 002e 9E70     		strb	r6, [r3, #2]
 110 0030 DE70     		strb	r6, [r3, #3]
 111 0032 F0BC     		pop	{r4, r5, r6, r7}
 112 0034 7047     		bx	lr
 113              	.L16:
 114 0036 1C60     		str	r4, [r3]	@ unaligned
 115 0038 F0BC     		pop	{r4, r5, r6, r7}
 116 003a 7047     		bx	lr
 117              	.L18:
 118              		.align	2
 119              	.L17:
ARM GAS  /tmp/ccB35hnJ.s 			page 3


 120 003c 00000000 		.word	.LANCHOR0
 122              		.section	.bss.trace,"aw",%nobits
 123              		.align	2
 124              		.set	.LANCHOR0,. + 0
 127              	trace:
 128 0000 00000000 		.space	4
 129              		.ident	"GCC: (GNU Tools for Arm Embedded Processors 7-2017-q4-major) 7.2.1 20170904 (release) [ARM
ARM GAS  /tmp/ccB35hnJ.s 			page 4


DEFINED SYMBOLS
                            *ABS*:0000000000000000 trace.c
     /tmp/ccB35hnJ.s:13     .text.init_trace:0000000000000000 $t
     /tmp/ccB35hnJ.s:21     .text.init_trace:0000000000000000 init_trace
     /tmp/ccB35hnJ.s:32     .text.init_trace:000000000000000c $d
     /tmp/ccB35hnJ.s:35     .text.store_gpio_trace:0000000000000000 $t
     /tmp/ccB35hnJ.s:43     .text.store_gpio_trace:0000000000000000 store_gpio_trace
     /tmp/ccB35hnJ.s:76     .text.store_gpio_trace:0000000000000040 $d
     /tmp/ccB35hnJ.s:79     .text.store_tick_from_buf:0000000000000000 $t
     /tmp/ccB35hnJ.s:87     .text.store_tick_from_buf:0000000000000000 store_tick_from_buf
     /tmp/ccB35hnJ.s:120    .text.store_tick_from_buf:000000000000003c $d
     /tmp/ccB35hnJ.s:123    .bss.trace:0000000000000000 $d
     /tmp/ccB35hnJ.s:127    .bss.trace:0000000000000000 trace

UNDEFINED SYMBOLS
get_tick32_div
